
=== Mon Aug 12 21:38:16 2019

Packages were changed.
Update Mode: updateDependencies

The following packages were added:
  com.unity.collab-proxy@1.2.16
  com.unity.timeline@1.0.0
  com.unity.multiplayer-hlapi@1.0.2
  com.unity.xr.legacyinputhelpers@2.0.2
The following packages were updated:
  com.unity.analytics from version 2.0.16 to 3.3.2
  com.unity.package-manager-ui from version 1.9.11 to 2.1.2
  com.unity.purchasing from version 2.0.3 to 2.0.6
  com.unity.textmeshpro from version 1.2.4 to 2.0.1

=== Mon Aug 12 22:49:38 2019

Packages were changed.
Update Mode: mergeDefaultDependencies

The following packages were added:
  com.unity.postprocessing@2.1.4
  com.unity.progrids@3.0.3-preview.4
  com.unity.textmeshpro@2.0.0

=== Sun Nov  8 18:39:54 2020

Packages were changed.
Update Mode: updateDependencies

The following packages were added:
  com.unity.2d.sprite@1.0.0
  com.unity.2d.tilemap@1.0.0
  com.unity.ide.rider@1.2.1
  com.unity.ide.visualstudio@2.0.2
  com.unity.ide.vscode@1.2.1
  com.unity.modules.androidjni@1.0.0
  com.unity.test-framework@1.1.16
  com.unity.ugui@1.0.0
The following packages were updated:
  com.unity.ads from version 2.0.8 to 3.4.9
  com.unity.analytics from version 3.3.2 to 3.3.5
  com.unity.collab-proxy from version 1.2.16 to 1.3.9
  com.unity.postprocessing from version 2.1.7 to 2.3.0
  com.unity.purchasing from version 2.0.6 to 2.1.0
  com.unity.render-pipelines.high-definition from version 5.16.1-preview to 8.2.0
  com.unity.textmeshpro from version 2.0.0 to 3.0.1
  com.unity.timeline from version 1.0.0 to 1.2.6
  com.unity.xr.legacyinputhelpers from version 2.0.2 to 2.1.4
The following packages were removed:
  com.unity.package-manager-ui@2.1.2
